                              1 ;--------------------------------------------------------
                              2 ; File Created by SDCC : free open source ANSI-C Compiler
                              3 ; Version 3.6.8 #9946 (Linux)
                              4 ;--------------------------------------------------------
                              5 	.module main
                              6 	.optsdcc -mz80
                              7 	
                              8 ;--------------------------------------------------------
                              9 ; Public variables in this module
                             10 ;--------------------------------------------------------
                             11 	.globl _main
                             12 	.globl _jump_step
                             13 ;--------------------------------------------------------
                             14 ; special function registers
                             15 ;--------------------------------------------------------
                             16 ;--------------------------------------------------------
                             17 ; ram data
                             18 ;--------------------------------------------------------
                             19 	.area _DATA
   0000                      20 _jump_step::
   0000                      21 	.ds 1
                             22 ;--------------------------------------------------------
                             23 ; ram data
                             24 ;--------------------------------------------------------
                             25 	.area _INITIALIZED
                             26 ;--------------------------------------------------------
                             27 ; absolute external ram data
                             28 ;--------------------------------------------------------
                             29 	.area _DABS (ABS)
                             30 ;--------------------------------------------------------
                             31 ; global & static initialisations
                             32 ;--------------------------------------------------------
                             33 	.area _HOME
                             34 	.area _GSINIT
                             35 	.area _GSFINAL
                             36 	.area _GSINIT
                             37 ;--------------------------------------------------------
                             38 ; Home
                             39 ;--------------------------------------------------------
                             40 	.area _HOME
                             41 	.area _HOME
                             42 ;--------------------------------------------------------
                             43 ; code
                             44 ;--------------------------------------------------------
                             45 	.area _CODE
                             46 ;src/main.c:25: void main(void) {
                             47 ;	---------------------------------
                             48 ; Function main
                             49 ; ---------------------------------
   0000                      50 _main::
                             51 ;src/main.c:32: ++jump_step;
   0000 21r00r00      [10]   52 	ld	hl,#_jump_step + 0
   0003 36 FF         [10]   53 	ld	(hl), #0xff
                             54 ;src/main.c:37: while (1);
   0005                      55 00102$:
   0005 18 FE         [12]   56 	jr	00102$
                             57 	.area _CODE
                             58 	.area _INITIALIZER
                             59 	.area _CABS (ABS)
