                              1 ;--------------------------------------------------------
                              2 ; File Created by SDCC : free open source ANSI-C Compiler
                              3 ; Version 3.6.8 #9946 (Linux)
                              4 ;--------------------------------------------------------
                              5 	.module physics
                              6 	.optsdcc -mz80
                              7 	
                              8 ;--------------------------------------------------------
                              9 ; Public variables in this module
                             10 ;--------------------------------------------------------
                             11 	.globl _sys_physics_update_one_entity
                             12 	.globl _man_entity_set4destruction
                             13 	.globl _man_entity_forall
                             14 	.globl _sys_phyisics_update
                             15 ;--------------------------------------------------------
                             16 ; special function registers
                             17 ;--------------------------------------------------------
                             18 ;--------------------------------------------------------
                             19 ; ram data
                             20 ;--------------------------------------------------------
                             21 	.area _DATA
                             22 ;--------------------------------------------------------
                             23 ; ram data
                             24 ;--------------------------------------------------------
                             25 	.area _INITIALIZED
                             26 ;--------------------------------------------------------
                             27 ; absolute external ram data
                             28 ;--------------------------------------------------------
                             29 	.area _DABS (ABS)
                             30 ;--------------------------------------------------------
                             31 ; global & static initialisations
                             32 ;--------------------------------------------------------
                             33 	.area _HOME
                             34 	.area _GSINIT
                             35 	.area _GSFINAL
                             36 	.area _GSINIT
                             37 ;--------------------------------------------------------
                             38 ; Home
                             39 ;--------------------------------------------------------
                             40 	.area _HOME
                             41 	.area _HOME
                             42 ;--------------------------------------------------------
                             43 ; code
                             44 ;--------------------------------------------------------
                             45 	.area _CODE
                             46 ;src/sys/physics.c:4: void sys_physics_update_one_entity(Entity_t *e){
                             47 ;	---------------------------------
                             48 ; Function sys_physics_update_one_entity
                             49 ; ---------------------------------
   0000                      50 _sys_physics_update_one_entity::
   0000 DD E5         [15]   51 	push	ix
   0002 DD 21 00 00   [14]   52 	ld	ix,#0
   0006 DD 39         [15]   53 	add	ix,sp
   0008 F5            [11]   54 	push	af
                             55 ;src/sys/physics.c:5: u8 newx = e->x + e->vx;
   0009 DD 5E 04      [19]   56 	ld	e,4 (ix)
   000C DD 56 05      [19]   57 	ld	d,5 (ix)
   000F 4B            [ 4]   58 	ld	c, e
   0010 42            [ 4]   59 	ld	b, d
   0011 03            [ 6]   60 	inc	bc
   0012 0A            [ 7]   61 	ld	a, (bc)
   0013 DD 77 FF      [19]   62 	ld	-1 (ix), a
   0016 6B            [ 4]   63 	ld	l, e
   0017 62            [ 4]   64 	ld	h, d
   0018 23            [ 6]   65 	inc	hl
   0019 23            [ 6]   66 	inc	hl
   001A 23            [ 6]   67 	inc	hl
   001B 6E            [ 7]   68 	ld	l, (hl)
   001C DD 7E FF      [19]   69 	ld	a, -1 (ix)
   001F 85            [ 4]   70 	add	a, l
   0020 DD 77 FE      [19]   71 	ld	-2 (ix), a
                             72 ;src/sys/physics.c:7: if(newx > e -> x){
   0023 DD 7E FF      [19]   73 	ld	a, -1 (ix)
   0026 DD 96 FE      [19]   74 	sub	a, -2 (ix)
   0029 30 07         [12]   75 	jr	NC,00102$
                             76 ;src/sys/physics.c:8: man_entity_set4destruction(e);
   002B C5            [11]   77 	push	bc
   002C D5            [11]   78 	push	de
   002D CDr00r00      [17]   79 	call	_man_entity_set4destruction
   0030 F1            [10]   80 	pop	af
   0031 C1            [10]   81 	pop	bc
   0032                      82 00102$:
                             83 ;src/sys/physics.c:10: e->x = newx;
   0032 DD 7E FE      [19]   84 	ld	a, -2 (ix)
   0035 02            [ 7]   85 	ld	(bc), a
   0036 DD F9         [10]   86 	ld	sp, ix
   0038 DD E1         [14]   87 	pop	ix
   003A C9            [10]   88 	ret
                             89 ;src/sys/physics.c:13: void sys_phyisics_update(){
                             90 ;	---------------------------------
                             91 ; Function sys_phyisics_update
                             92 ; ---------------------------------
   003B                      93 _sys_phyisics_update::
                             94 ;src/sys/physics.c:14: man_entity_forall( sys_physics_update_one_entity );
   003B 21r00r00      [10]   95 	ld	hl, #_sys_physics_update_one_entity
   003E E5            [11]   96 	push	hl
   003F CDr00r00      [17]   97 	call	_man_entity_forall
   0042 F1            [10]   98 	pop	af
   0043 C9            [10]   99 	ret
                            100 	.area _CODE
                            101 	.area _INITIALIZER
                            102 	.area _CABS (ABS)
