                              1 ;--------------------------------------------------------
                              2 ; File Created by SDCC : free open source ANSI-C Compiler
                              3 ; Version 3.6.8 #9946 (Linux)
                              4 ;--------------------------------------------------------
                              5 	.module render
                              6 	.optsdcc -mz80
                              7 	
                              8 ;--------------------------------------------------------
                              9 ; Public variables in this module
                             10 ;--------------------------------------------------------
                             11 	.globl _man_entity_forall
                             12 	.globl _cpct_getScreenPtr
                             13 	.globl _sys_render_one_entity
                             14 	.globl _sys_render_update
                             15 ;--------------------------------------------------------
                             16 ; special function registers
                             17 ;--------------------------------------------------------
                             18 ;--------------------------------------------------------
                             19 ; ram data
                             20 ;--------------------------------------------------------
                             21 	.area _DATA
                             22 ;--------------------------------------------------------
                             23 ; ram data
                             24 ;--------------------------------------------------------
                             25 	.area _INITIALIZED
                             26 ;--------------------------------------------------------
                             27 ; absolute external ram data
                             28 ;--------------------------------------------------------
                             29 	.area _DABS (ABS)
                             30 ;--------------------------------------------------------
                             31 ; global & static initialisations
                             32 ;--------------------------------------------------------
                             33 	.area _HOME
                             34 	.area _GSINIT
                             35 	.area _GSFINAL
                             36 	.area _GSINIT
                             37 ;--------------------------------------------------------
                             38 ; Home
                             39 ;--------------------------------------------------------
                             40 	.area _HOME
                             41 	.area _HOME
                             42 ;--------------------------------------------------------
                             43 ; code
                             44 ;--------------------------------------------------------
                             45 	.area _CODE
                             46 ;src/sys/render.c:4: void sys_render_one_entity(Entity_t* e) {
                             47 ;	---------------------------------
                             48 ; Function sys_render_one_entity
                             49 ; ---------------------------------
   0000                      50 _sys_render_one_entity::
   0000 DD E5         [15]   51 	push	ix
   0002 DD 21 00 00   [14]   52 	ld	ix,#0
   0006 DD 39         [15]   53 	add	ix,sp
                             54 ;src/sys/render.c:5: u8* pvmem = cpct_getScreenPtr (CPCT_VMEM_START, e-> x, e->y);
   0008 DD 5E 04      [19]   55 	ld	e,4 (ix)
   000B DD 56 05      [19]   56 	ld	d,5 (ix)
   000E 6B            [ 4]   57 	ld	l, e
   000F 62            [ 4]   58 	ld	h, d
   0010 23            [ 6]   59 	inc	hl
   0011 23            [ 6]   60 	inc	hl
   0012 46            [ 7]   61 	ld	b, (hl)
   0013 6B            [ 4]   62 	ld	l, e
   0014 62            [ 4]   63 	ld	h, d
   0015 23            [ 6]   64 	inc	hl
   0016 7E            [ 7]   65 	ld	a, (hl)
   0017 D5            [11]   66 	push	de
   0018 C5            [11]   67 	push	bc
   0019 33            [ 6]   68 	inc	sp
   001A F5            [11]   69 	push	af
   001B 33            [ 6]   70 	inc	sp
   001C 21 00 C0      [10]   71 	ld	hl, #0xc000
   001F E5            [11]   72 	push	hl
   0020 CDr00r00      [17]   73 	call	_cpct_getScreenPtr
   0023 4D            [ 4]   74 	ld	c, l
   0024 44            [ 4]   75 	ld	b, h
   0025 FD E1         [14]   76 	pop	iy
   0027 FD 7E 04      [19]   77 	ld	a, 4 (iy)
   002A 02            [ 7]   78 	ld	(bc), a
   002B DD E1         [14]   79 	pop	ix
   002D C9            [10]   80 	ret
                             81 ;src/sys/render.c:9: void sys_render_update() {
                             82 ;	---------------------------------
                             83 ; Function sys_render_update
                             84 ; ---------------------------------
   002E                      85 _sys_render_update::
                             86 ;src/sys/render.c:10: man_entity_forall ( sys_render_one_entity );
   002E 21r00r00      [10]   87 	ld	hl, #_sys_render_one_entity
   0031 E5            [11]   88 	push	hl
   0032 CDr00r00      [17]   89 	call	_man_entity_forall
   0035 F1            [10]   90 	pop	af
   0036 C9            [10]   91 	ret
                             92 	.area _CODE
                             93 	.area _INITIALIZER
                             94 	.area _CABS (ABS)
